Determining if the pthread_create exist failed with the following output:
Change Dir: /home/chathuranga/Public/project/Load-Balencing-for-Massive-CCTV-Task/CMakeFiles/CMakeTmp

Run Build Command:"/usr/bin/make" "cmTC_9962a/fast"
/usr/bin/make -f CMakeFiles/cmTC_9962a.dir/build.make CMakeFiles/cmTC_9962a.dir/build
make[1]: Entering directory '/home/chathuranga/Public/project/Load-Balencing-for-Massive-CCTV-Task/CMakeFiles/CMakeTmp'
Building C object CMakeFiles/cmTC_9962a.dir/CheckSymbolExists.c.o
/usr/bin/cc   -fPIC    -o CMakeFiles/cmTC_9962a.dir/CheckSymbolExists.c.o   -c /home/chathuranga/Public/project/Load-Balencing-for-Massive-CCTV-Task/CMakeFiles/CMakeTmp/CheckSymbolExists.c
Linking C executable cmTC_9962a
/usr/bin/cmake -E cmake_link_script CMakeFiles/cmTC_9962a.dir/link.txt --verbose=1
/usr/bin/cc -fPIC     -rdynamic CMakeFiles/cmTC_9962a.dir/CheckSymbolExists.c.o  -o cmTC_9962a 
/usr/bin/ld: CMakeFiles/cmTC_9962a.dir/CheckSymbolExists.c.o: in function `main':
CheckSymbolExists.c:(.text+0x1b): undefined reference to `pthread_create'
collect2: error: ld returned 1 exit status
make[1]: *** [CMakeFiles/cmTC_9962a.dir/build.make:87: cmTC_9962a] Error 1
make[1]: Leaving directory '/home/chathuranga/Public/project/Load-Balencing-for-Massive-CCTV-Task/CMakeFiles/CMakeTmp'
make: *** [Makefile:121: cmTC_9962a/fast] Error 2

File /home/chathuranga/Public/project/Load-Balencing-for-Massive-CCTV-Task/CMakeFiles/CMakeTmp/CheckSymbolExists.c:
/* */
#include <pthread.h>

int main(int argc, char** argv)
{
  (void)argv;
#ifndef pthread_create
  return ((int*)(&pthread_create))[argc];
#else
  (void)argc;
  return 0;
#endif
}

Determining if the function pthread_create exists in the pthreads failed with the following output:
Change Dir: /home/chathuranga/Public/project/Load-Balencing-for-Massive-CCTV-Task/CMakeFiles/CMakeTmp

Run Build Command:"/usr/bin/make" "cmTC_b818e/fast"
/usr/bin/make -f CMakeFiles/cmTC_b818e.dir/build.make CMakeFiles/cmTC_b818e.dir/build
make[1]: Entering directory '/home/chathuranga/Public/project/Load-Balencing-for-Massive-CCTV-Task/CMakeFiles/CMakeTmp'
Building C object CMakeFiles/cmTC_b818e.dir/CheckFunctionExists.c.o
/usr/bin/cc   -fPIC -DCHECK_FUNCTION_EXISTS=pthread_create   -o CMakeFiles/cmTC_b818e.dir/CheckFunctionExists.c.o   -c /usr/share/cmake-3.13/Modules/CheckFunctionExists.c
Linking C executable cmTC_b818e
/usr/bin/cmake -E cmake_link_script CMakeFiles/cmTC_b818e.dir/link.txt --verbose=1
/usr/bin/cc -fPIC -DCHECK_FUNCTION_EXISTS=pthread_create    -rdynamic CMakeFiles/cmTC_b818e.dir/CheckFunctionExists.c.o  -o cmTC_b818e -lpthreads 
/usr/bin/ld: cannot find -lpthreads
collect2: error: ld returned 1 exit status
make[1]: *** [CMakeFiles/cmTC_b818e.dir/build.make:87: cmTC_b818e] Error 1
make[1]: Leaving directory '/home/chathuranga/Public/project/Load-Balencing-for-Massive-CCTV-Task/CMakeFiles/CMakeTmp'
make: *** [Makefile:121: cmTC_b818e/fast] Error 2


