Determining if the pthread_create exist failed with the following output:
Change Dir: /home/chathuranga/Public/FYP/Project 2/Load-Balencing-for-Massive-CCTV-Task/Camera Reader/build/CMakeFiles/CMakeTmp

Run Build Command:"/usr/bin/make" "cmTC_fb32a/fast"
/usr/bin/make -f CMakeFiles/cmTC_fb32a.dir/build.make CMakeFiles/cmTC_fb32a.dir/build
make[1]: Entering directory '/home/chathuranga/Public/FYP/Project 2/Load-Balencing-for-Massive-CCTV-Task/Camera Reader/build/CMakeFiles/CMakeTmp'
Building C object CMakeFiles/cmTC_fb32a.dir/CheckSymbolExists.c.o
/usr/bin/cc   -fPIC    -o CMakeFiles/cmTC_fb32a.dir/CheckSymbolExists.c.o   -c "/home/chathuranga/Public/FYP/Project 2/Load-Balencing-for-Massive-CCTV-Task/Camera Reader/build/CMakeFiles/CMakeTmp/CheckSymbolExists.c"
Linking C executable cmTC_fb32a
/usr/bin/cmake -E cmake_link_script CMakeFiles/cmTC_fb32a.dir/link.txt --verbose=1
/usr/bin/cc -fPIC     -rdynamic CMakeFiles/cmTC_fb32a.dir/CheckSymbolExists.c.o  -o cmTC_fb32a 
/usr/bin/ld: CMakeFiles/cmTC_fb32a.dir/CheckSymbolExists.c.o: in function `main':
CheckSymbolExists.c:(.text+0x1f): undefined reference to `pthread_create'
collect2: error: ld returned 1 exit status
make[1]: *** [CMakeFiles/cmTC_fb32a.dir/build.make:87: cmTC_fb32a] Error 1
make[1]: Leaving directory '/home/chathuranga/Public/FYP/Project 2/Load-Balencing-for-Massive-CCTV-Task/Camera Reader/build/CMakeFiles/CMakeTmp'
make: *** [Makefile:121: cmTC_fb32a/fast] Error 2

File /home/chathuranga/Public/FYP/Project 2/Load-Balencing-for-Massive-CCTV-Task/Camera Reader/build/CMakeFiles/CMakeTmp/CheckSymbolExists.c:
/* */
#include <pthread.h>

int main(int argc, char** argv)
{
  (void)argv;
#ifndef pthread_create
  return ((int*)(&pthread_create))[argc];
#else
  (void)argc;
  return 0;
#endif
}

Determining if the function pthread_create exists in the pthreads failed with the following output:
Change Dir: /home/chathuranga/Public/FYP/Project 2/Load-Balencing-for-Massive-CCTV-Task/Camera Reader/build/CMakeFiles/CMakeTmp

Run Build Command:"/usr/bin/make" "cmTC_1cab9/fast"
/usr/bin/make -f CMakeFiles/cmTC_1cab9.dir/build.make CMakeFiles/cmTC_1cab9.dir/build
make[1]: Entering directory '/home/chathuranga/Public/FYP/Project 2/Load-Balencing-for-Massive-CCTV-Task/Camera Reader/build/CMakeFiles/CMakeTmp'
Building C object CMakeFiles/cmTC_1cab9.dir/CheckFunctionExists.c.o
/usr/bin/cc   -fPIC -DCHECK_FUNCTION_EXISTS=pthread_create   -o CMakeFiles/cmTC_1cab9.dir/CheckFunctionExists.c.o   -c /usr/share/cmake-3.13/Modules/CheckFunctionExists.c
Linking C executable cmTC_1cab9
/usr/bin/cmake -E cmake_link_script CMakeFiles/cmTC_1cab9.dir/link.txt --verbose=1
/usr/bin/cc -fPIC -DCHECK_FUNCTION_EXISTS=pthread_create    -rdynamic CMakeFiles/cmTC_1cab9.dir/CheckFunctionExists.c.o  -o cmTC_1cab9 -lpthreads 
/usr/bin/ld: cannot find -lpthreads
collect2: error: ld returned 1 exit status
make[1]: *** [CMakeFiles/cmTC_1cab9.dir/build.make:87: cmTC_1cab9] Error 1
make[1]: Leaving directory '/home/chathuranga/Public/FYP/Project 2/Load-Balencing-for-Massive-CCTV-Task/Camera Reader/build/CMakeFiles/CMakeTmp'
make: *** [Makefile:121: cmTC_1cab9/fast] Error 2


